<?xml version="1.0" encoding="UTF-8"?>
<!-- Generated by org.testng.reporters.JUnitReportReporter -->
<testsuite hostname="LAPTOP-LIAKTO4M" failures="0" tests="2" name="testNg.Demo1" time="0.008" errors="0" timestamp="2021-10-07T09:27:22 IST" skipped="0">
  <testcase classname="testNg.Demo1" name="SecondTest" time="0.002"/>
  <system-out/>
  <testcase classname="testNg.Demo1" name="FirstTest" time="0.006"/>
  <system-out/>
</testsuite> <!-- testNg.Demo1 -->
