<?xml version="1.0" encoding="UTF-8"?>
<!-- Generated by org.testng.reporters.JUnitReportReporter -->
<testsuite hostname="LAPTOP-LIAKTO4M" failures="0" tests="1" name="testNg.Listeners" time="0.009" errors="0" timestamp="2021-10-07T08:44:29 IST" skipped="0">
  <testcase classname="testNg.Listeners" name="hi" time="0.009"/>
  <system-out/>
</testsuite> <!-- testNg.Listeners -->
