<?xml version="1.0" encoding="UTF-8"?>
<!-- Generated by org.testng.reporters.JUnitReportReporter -->
<testsuite hostname="LAPTOP-LIAKTO4M" failures="0" tests="5" name="testNg.Demo4" time="0.006" errors="0" timestamp="2021-10-07T09:27:22 IST" skipped="0">
  <testcase classname="testNg.Demo4" name="LoginAPIHomeLoan" time="0.001"/>
  <system-out/>
  <testcase classname="testNg.Demo4" name="webLoginHomeLoan" time="0.002"/>
  <system-out/>
  <testcase classname="testNg.Demo4" name="webLoginHomeLoan" time="0.000"/>
  <system-out/>
  <testcase classname="testNg.Demo4" name="webLoginHomeLoan" time="0.001"/>
  <system-out/>
  <testcase classname="testNg.Demo4" name="mobileLoginHomeLoan" time="0.002"/>
  <system-out/>
</testsuite> <!-- testNg.Demo4 -->
