<?xml version="1.0" encoding="UTF-8"?>
<!-- Generated by org.testng.reporters.JUnitReportReporter -->
<testsuite hostname="LAPTOP-LIAKTO4M" failures="0" tests="3" name="testNg.Demo3" time="0.008" errors="0" timestamp="2021-10-07T09:27:22 IST" skipped="1">
  <testcase classname="testNg.Demo3" name="webLoginCarLoan" time="0.007"/>
  <system-out/>
  <testcase classname="testNg.Demo3" name="webRegisterCarLoan" time="0.001"/>
  <system-out/>
  <testcase classname="testNg.Demo3" name="webLogoutCarLoan">
    <skipped/>
  </testcase> <!-- webLogoutCarLoan -->
  <system-out/>
</testsuite> <!-- testNg.Demo3 -->
