<?xml version="1.0" encoding="UTF-8"?>
<!-- Generated by org.testng.reporters.JUnitReportReporter -->
<testsuite hostname="LAPTOP-LIAKTO4M" failures="0" tests="1" name="testNg.Demo2" time="0.001" errors="0" timestamp="2021-10-07T09:27:22 IST" skipped="0">
  <testcase classname="testNg.Demo2" name="ThirdTest" time="0.001"/>
  <system-out/>
</testsuite> <!-- testNg.Demo2 -->
